
Sep 19, 2023 10:04:57.81 NEW SESSION
Sep 19, 2023 10:04:57.81 INFO: Created TensorFlow Lite XNNPACK delegate for CPU.
Sep 19, 2023 10:18:21.66 [15476:4416:0919/101821.666:ERROR:device_event_log_impl.cc(222)] [10:18:21.665] USB: usb_service_win.cc:104 SetupDiGetDeviceProperty({{A45C254E-DF1C-4EFD-8020-67D146A850E0}, 6}) failed: Element not found. (0x490)
Sep 19, 2023 10:41:56.13 [15476:4416:0919/104156.130:ERROR:interface_endpoint_client.cc(702)] Message 1 rejected by interface blink.mojom.WidgetHost
Sep 19, 2023 10:41:56.13 [15476:4416:0919/104156.130:ERROR:interface_endpoint_client.cc(702)] Message 1 rejected by interface blink.mojom.WidgetHost
Sep 19, 2023 11:00:18.48 [15476:4416:0919/110018.482:ERROR:CONSOLE(48)] "This document requires 'TrustedScript' assignment.", source:  (48)
Sep 19, 2023 11:01:02.26 [15476:4416:0919/110102.263:ERROR:CONSOLE(48)] "This document requires 'TrustedScript' assignment.", source:  (48)
Sep 19, 2023 11:01:02.43 [15476:4416:0919/110102.438:ERROR:CONSOLE(48)] "This document requires 'TrustedScript' assignment.", source:  (48)
Sep 19, 2023 11:01:36.16 [15476:4416:0919/110136.168:ERROR:CONSOLE(48)] "This document requires 'TrustedScript' assignment.", source:  (48)
Sep 19, 2023 11:02:25.94 [15476:4416:0919/110225.945:ERROR:CONSOLE(48)] "This document requires 'TrustedScript' assignment.", source:  (48)
Sep 19, 2023 11:02:40.84 [15476:4416:0919/110240.836:ERROR:CONSOLE(48)] "This document requires 'TrustedScript' assignment.", source:  (48)
Sep 19, 2023 11:02:44.14 [15476:4416:0919/110244.140:ERROR:CONSOLE(48)] "This document requires 'TrustedScript' assignment.", source:  (48)
Sep 19, 2023 11:03:32.71 [15476:4416:0919/110332.715:ERROR:CONSOLE(48)] "This document requires 'TrustedScript' assignment.", source:  (48)
Sep 19, 2023 11:03:38.66 [15476:4416:0919/110338.662:ERROR:navigation_entry_remover.cc(221)] RemoveNavigationEntries(), deleted_rows count = 1, is_from_expiration = 0, deletion_reason = 1

Sep 23, 2023 08:16:00.56 NEW SESSION
Sep 23, 2023 08:16:00.57 INFO: Created TensorFlow Lite XNNPACK delegate for CPU.
Sep 23, 2023 08:22:53.15 [10688:9252:0923/082253.152:ERROR:device_event_log_impl.cc(222)] [08:22:53.152] USB: usb_service_win.cc:104 SetupDiGetDeviceProperty({{A45C254E-DF1C-4EFD-8020-67D146A850E0}, 6}) failed: Element not found. (0x490)
Sep 23, 2023 08:23:02.56 [10688:9252:0923/082302.565:ERROR:CONSOLE(1)] "One popover is already visible", source: devtools://devtools/bundled/devtools-frontend/front_end/ui/legacy/legacy.js (1)
Sep 23, 2023 08:23:18.02 [10688:9252:0923/082318.024:ERROR:CONSOLE(48)] "This document requires 'TrustedScript' assignment.", source:  (48)
Sep 23, 2023 08:30:02.41 [10688:9252:0923/083002.414:ERROR:CONSOLE(48)] "This document requires 'TrustedScript' assignment.", source:  (48)
Sep 23, 2023 08:32:11.21 [10688:14040:0923/083211.218:ERROR:connection_factory_impl.cc(428)] Failed to connect to MCS endpoint with error -105
Sep 23, 2023 08:32:19.34 [10688:14040:0923/083219.343:ERROR:connection_factory_impl.cc(428)] Failed to connect to MCS endpoint with error -105

Sep 24, 2023 15:40:10.35 NEW SESSION
Sep 24, 2023 15:40:10.35 INFO: Created TensorFlow Lite XNNPACK delegate for CPU.
Sep 24, 2023 15:50:57.39 [7668:6028:0924/155057.395:ERROR:CONSOLE(48)] "This document requires 'TrustedScript' assignment.", source:  (48)
Sep 24, 2023 16:07:10.97 [7668:6028:0924/160710.972:ERROR:CONSOLE(48)] "This document requires 'TrustedScript' assignment.", source:  (48)
Sep 24, 2023 16:16:02.02 [7668:6028:0924/161602.023:ERROR:CONSOLE(48)] "This document requires 'TrustedScript' assignment.", source:  (48)
Sep 24, 2023 16:17:23.20 [7668:6028:0924/161723.209:ERROR:CONSOLE(48)] "This document requires 'TrustedScript' assignment.", source:  (48)
Sep 24, 2023 16:25:39.15 [7668:6028:0924/162539.155:ERROR:device_event_log_impl.cc(222)] [16:25:39.155] USB: usb_service_win.cc:104 SetupDiGetDeviceProperty({{A45C254E-DF1C-4EFD-8020-67D146A850E0}, 6}) failed: Element not found. (0x490)
Sep 24, 2023 16:28:49.18 [7668:12716:0924/162849.181:ERROR:connection_factory_impl.cc(428)] Failed to connect to MCS endpoint with error -105
Sep 24, 2023 16:29:24.92 [7668:12716:0924/162924.921:ERROR:connection_factory_impl.cc(428)] Failed to connect to MCS endpoint with error -105
Sep 24, 2023 16:29:30.13 [7668:12716:0924/162930.130:ERROR:connection_factory_impl.cc(428)] Failed to connect to MCS endpoint with error -105
Sep 24, 2023 16:50:42.34 [7668:6028:0924/165042.340:ERROR:CONSOLE(48)] "This document requires 'TrustedScript' assignment.", source:  (48)
Sep 24, 2023 16:56:13.09 [7668:6028:0924/165613.095:ERROR:device_event_log_impl.cc(222)] [16:56:13.095] USB: usb_service_win.cc:104 SetupDiGetDeviceProperty({{A45C254E-DF1C-4EFD-8020-67D146A850E0}, 6}) failed: Element not found. (0x490)
Sep 24, 2023 17:12:04.73 [7668:12716:0924/171204.733:ERROR:connection_factory_impl.cc(428)] Failed to connect to MCS endpoint with error -105
Sep 24, 2023 17:25:05.71 [7668:12716:0924/172505.714:ERROR:connection_factory_impl.cc(428)] Failed to connect to MCS endpoint with error -105
Sep 24, 2023 17:25:07.78 [7668:12716:0924/172507.785:ERROR:connection_factory_impl.cc(428)] Failed to connect to MCS endpoint with error -105
Sep 24, 2023 18:27:07.34 [7668:12716:0924/182707.341:ERROR:connection_factory_impl.cc(428)] Failed to connect to MCS endpoint with error -105
Sep 24, 2023 18:27:09.45 [7668:12716:0924/182709.450:ERROR:connection_factory_impl.cc(428)] Failed to connect to MCS endpoint with error -105
Sep 24, 2023 18:27:30.61 [7668:12716:0924/182730.615:ERROR:connection_factory_impl.cc(428)] Failed to connect to MCS endpoint with error -105
Sep 24, 2023 18:27:38.73 [7668:12716:0924/182738.732:ERROR:connection_factory_impl.cc(428)] Failed to connect to MCS endpoint with error -105
Sep 24, 2023 18:27:49.65 [7668:12716:0924/182749.655:ERROR:connection_factory_impl.cc(428)] Failed to connect to MCS endpoint with error -105
Sep 24, 2023 18:27:54.02 [7668:12716:0924/182754.025:ERROR:connection_factory_impl.cc(428)] Failed to connect to MCS endpoint with error -105
Sep 24, 2023 18:27:58.15 [7668:12716:0924/182758.155:ERROR:connection_factory_impl.cc(428)] Failed to connect to MCS endpoint with error -105
Sep 24, 2023 18:28:00.23 [7668:12716:0924/182800.234:ERROR:connection_factory_impl.cc(428)] Failed to connect to MCS endpoint with error -105
Sep 24, 2023 18:28:16.70 [7668:12716:0924/182816.703:ERROR:connection_factory_impl.cc(428)] Failed to connect to MCS endpoint with error -105
Sep 24, 2023 18:28:24.22 [7668:12716:0924/182824.225:ERROR:connection_factory_impl.cc(428)] Failed to connect to MCS endpoint with error -105
Sep 24, 2023 18:28:36.23 [7668:12716:0924/182836.232:ERROR:connection_factory_impl.cc(428)] Failed to connect to MCS endpoint with error -105
Sep 24, 2023 18:28:42.23 [7668:12716:0924/182842.230:ERROR:connection_factory_impl.cc(428)] Failed to connect to MCS endpoint with error -105
Sep 24, 2023 18:28:47.23 [7668:12716:0924/182847.234:ERROR:connection_factory_impl.cc(428)] Failed to connect to MCS endpoint with error -105
Sep 24, 2023 18:28:52.24 [7668:12716:0924/182852.244:ERROR:connection_factory_impl.cc(428)] Failed to connect to MCS endpoint with error -105
Sep 24, 2023 18:29:04.73 [7668:12716:0924/182904.734:ERROR:connection_factory_impl.cc(428)] Failed to connect to MCS endpoint with error -105
Sep 24, 2023 18:29:12.22 [7668:12716:0924/182912.223:ERROR:connection_factory_impl.cc(428)] Failed to connect to MCS endpoint with error -105
Sep 24, 2023 18:29:15.73 [7668:12716:0924/182915.731:ERROR:connection_factory_impl.cc(428)] Failed to connect to MCS endpoint with error -105
Sep 24, 2023 18:29:21.24 [7668:12716:0924/182921.246:ERROR:connection_factory_impl.cc(428)] Failed to connect to MCS endpoint with error -105
Sep 24, 2023 18:29:30.50 [7668:12716:0924/182930.506:ERROR:connection_factory_impl.cc(428)] Failed to connect to MCS endpoint with error -105
Sep 24, 2023 18:29:34.66 [7668:12716:0924/182934.664:ERROR:connection_factory_impl.cc(428)] Failed to connect to MCS endpoint with error -105
Sep 24, 2023 18:29:41.24 [7668:12716:0924/182941.247:ERROR:connection_factory_impl.cc(428)] Failed to connect to MCS endpoint with error -105
Sep 24, 2023 18:29:45.70 [7668:12716:0924/182945.707:ERROR:connection_factory_impl.cc(428)] Failed to connect to MCS endpoint with error -105
Sep 24, 2023 18:29:48.88 [7668:12716:0924/182948.882:ERROR:connection_factory_impl.cc(428)] Failed to connect to MCS endpoint with error -105
Sep 24, 2023 18:39:57.75 [7668:12716:0924/183957.758:ERROR:connection_factory_impl.cc(428)] Failed to connect to MCS endpoint with error -105
Sep 24, 2023 18:40:14.33 [7668:12716:0924/184014.333:ERROR:connection_factory_impl.cc(428)] Failed to connect to MCS endpoint with error -105
Sep 24, 2023 18:40:17.74 [7668:12716:0924/184017.743:ERROR:connection_factory_impl.cc(428)] Failed to connect to MCS endpoint with error -105
Sep 24, 2023 18:40:21.73 [7668:12716:0924/184021.738:ERROR:connection_factory_impl.cc(428)] Failed to connect to MCS endpoint with error -105
Sep 24, 2023 18:40:33.64 [7668:12716:0924/184033.644:ERROR:connection_factory_impl.cc(428)] Failed to connect to MCS endpoint with error -105
Sep 24, 2023 18:40:35.70 [7668:12716:0924/184035.707:ERROR:connection_factory_impl.cc(428)] Failed to connect to MCS endpoint with error -105
Sep 24, 2023 18:40:56.27 [7668:12716:0924/184056.278:ERROR:connection_factory_impl.cc(428)] Failed to connect to MCS endpoint with error -105
Sep 24, 2023 18:41:02.31 [7668:12716:0924/184102.313:ERROR:connection_factory_impl.cc(428)] Failed to connect to MCS endpoint with error -105
Sep 24, 2023 18:41:52.69 [7668:12716:0924/184152.694:ERROR:connection_factory_impl.cc(428)] Failed to connect to MCS endpoint with error -105
Sep 24, 2023 18:41:58.22 [7668:12716:0924/184158.225:ERROR:connection_factory_impl.cc(428)] Failed to connect to MCS endpoint with error -105
Sep 24, 2023 18:42:03.23 [7668:12716:0924/184203.239:ERROR:connection_factory_impl.cc(428)] Failed to connect to MCS endpoint with error -105
Sep 24, 2023 18:42:08.24 [7668:12716:0924/184208.241:ERROR:connection_factory_impl.cc(428)] Failed to connect to MCS endpoint with error -105
Sep 24, 2023 18:42:11.74 [7668:12716:0924/184211.744:ERROR:connection_factory_impl.cc(428)] Failed to connect to MCS endpoint with error -105
Sep 24, 2023 18:42:18.73 [7668:12716:0924/184218.735:ERROR:connection_factory_impl.cc(428)] Failed to connect to MCS endpoint with error -105
Sep 24, 2023 18:42:26.73 [7668:12716:0924/184226.732:ERROR:connection_factory_impl.cc(428)] Failed to connect to MCS endpoint with error -105
Sep 24, 2023 18:42:33.40 [7668:12716:0924/184233.401:ERROR:connection_factory_impl.cc(428)] Failed to connect to MCS endpoint with error -105
Sep 24, 2023 18:42:35.47 [7668:12716:0924/184235.471:ERROR:connection_factory_impl.cc(428)] Failed to connect to MCS endpoint with error -105
Sep 24, 2023 18:42:55.69 [7668:12716:0924/184255.682:ERROR:connection_factory_impl.cc(428)] Failed to connect to MCS endpoint with error -105
Sep 24, 2023 18:42:57.85 [7668:12716:0924/184257.853:ERROR:connection_factory_impl.cc(428)] Failed to connect to MCS endpoint with error -105
Sep 24, 2023 19:31:44.02 [7668:12716:0924/193144.027:ERROR:connection_factory_impl.cc(428)] Failed to connect to MCS endpoint with error -105
Sep 24, 2023 19:32:09.41 [7668:12716:0924/193209.416:ERROR:connection_factory_impl.cc(428)] Failed to connect to MCS endpoint with error -105
Sep 24, 2023 19:35:40.72 [7668:6028:0924/193540.722:ERROR:interface_endpoint_client.cc(702)] Message 1 rejected by interface blink.mojom.WidgetHost
Sep 24, 2023 19:35:40.72 [7668:6028:0924/193540.722:ERROR:interface_endpoint_client.cc(702)] Message 1 rejected by interface blink.mojom.WidgetHost
Sep 24, 2023 19:47:13.63 [7668:12716:0924/194713.636:ERROR:connection_factory_impl.cc(428)] Failed to connect to MCS endpoint with error -105
Sep 24, 2023 19:47:44.99 [7668:12716:0924/194744.992:ERROR:connection_factory_impl.cc(428)] Failed to connect to MCS endpoint with error -105
Sep 24, 2023 19:47:56.29 [7668:12716:0924/194756.295:ERROR:connection_factory_impl.cc(428)] Failed to connect to MCS endpoint with error -105
Sep 24, 2023 19:50:14.72 [7668:12716:0924/195014.717:ERROR:connection_factory_impl.cc(428)] Failed to connect to MCS endpoint with error -105
Sep 24, 2023 19:50:35.26 [7668:12716:0924/195035.263:ERROR:connection_factory_impl.cc(428)] Failed to connect to MCS endpoint with error -105
Sep 24, 2023 19:50:41.29 [7668:12716:0924/195041.296:ERROR:connection_factory_impl.cc(428)] Failed to connect to MCS endpoint with error -105
Sep 24, 2023 19:52:40.53 [7668:12716:0924/195240.534:ERROR:connection_factory_impl.cc(428)] Failed to connect to MCS endpoint with error -105
Sep 24, 2023 19:55:30.47 [7668:12716:0924/195530.475:ERROR:connection_factory_impl.cc(428)] Failed to connect to MCS endpoint with error -105
Sep 24, 2023 20:02:47.82 [7668:12716:0924/200247.829:ERROR:connection_factory_impl.cc(428)] Failed to connect to MCS endpoint with error -105
Sep 24, 2023 20:02:54.31 [7668:12716:0924/200254.315:ERROR:connection_factory_impl.cc(428)] Failed to connect to MCS endpoint with error -105
Sep 24, 2023 20:03:05.21 [7668:12716:0924/200305.217:ERROR:connection_factory_impl.cc(428)] Failed to connect to MCS endpoint with error -105
Sep 24, 2023 20:13:05.22 [7668:12716:0924/201305.223:ERROR:connection_factory_impl.cc(428)] Failed to connect to MCS endpoint with error -105
